Start testing: Mar 02 17:34 CET
----------------------------------------------------------
11/11 Testing: TestStack
11/11 Test: TestStack
Command: "/usr/bin/python3.14" "run_tests.py" "/home/david/Clases/ED/PracticasED/Practica1/build-linear_ds//test_stack" "11_tests_stack"
Directory: /home/david/Clases/ED/PracticasED/Practica1/linear_ds
"TestStack" start time: Mar 02 17:34 CET
Output:
----------------------------------------------------------
Test running: 11_tests_stack/00 ... [31mTest finished with error code -6[0m
test_stack: /home/david/Clases/ED/PracticasED/Practica1/linear_ds/list_imp.hpp:24: List<T>::List() [with T = int]: Assertion `is_empty()' failed.

Test running: 11_tests_stack/01 ... [31mTest finished with error code -6[0m
test_stack: /home/david/Clases/ED/PracticasED/Practica1/linear_ds/list_imp.hpp:24: List<T>::List() [with T = int]: Assertion `is_empty()' failed.

Test running: 11_tests_stack/02 ... [31mTest finished with error code -6[0m
test_stack: /home/david/Clases/ED/PracticasED/Practica1/linear_ds/list_imp.hpp:24: List<T>::List() [with T = int]: Assertion `is_empty()' failed.

0/3 tests passed.
<end of output>
Test time =   0.44 sec
----------------------------------------------------------
Test Failed.
"TestStack" end time: Mar 02 17:34 CET
"TestStack" time elapsed: 00:00:00
----------------------------------------------------------

End testing: Mar 02 17:34 CET
